TN:
SF:src/config.ts
FNF:0
FNH:0
DA:2,1
DA:14,1
LF:2
LH:2
BRDA:3,0,0,1
BRDA:3,0,1,1
BRDA:5,1,0,1
BRDA:5,1,1,1
BRDA:6,2,0,1
BRDA:6,2,1,1
BRDA:7,3,0,1
BRDA:7,3,1,1
BRDA:8,4,0,1
BRDA:8,4,1,1
BRDA:9,5,0,1
BRDA:9,5,1,1
BRDA:11,6,0,1
BRDA:11,6,1,1
BRF:14
BRH:14
end_of_record
TN:
SF:src/entities/Category.ts
FN:19,(anonymous_2)
FN:19,(anonymous_3)
FNF:2
FNH:0
FNDA:0,(anonymous_2)
FNDA:0,(anonymous_3)
DA:2,1
DA:3,1
DA:6,1
DA:8,1
DA:11,1
DA:14,1
DA:17,1
DA:19,0
DA:20,1
LF:9
LH:8
BRF:0
BRH:0
end_of_record
TN:
SF:src/entities/News.ts
FN:19,(anonymous_2)
FN:19,(anonymous_3)
FNF:2
FNH:0
FNDA:0,(anonymous_2)
FNDA:0,(anonymous_3)
DA:2,1
DA:3,1
DA:6,1
DA:8,1
DA:11,1
DA:14,1
DA:17,1
DA:19,0
DA:20,1
LF:9
LH:8
BRF:0
BRH:0
end_of_record
TN:
SF:src/services/CategoryService.ts
FN:6,(anonymous_0)
FN:9,(anonymous_1)
FN:13,(anonymous_2)
FN:23,(anonymous_3)
FN:29,(anonymous_4)
FN:38,(anonymous_5)
FNF:6
FNH:6
FNDA:8,(anonymous_0)
FNDA:1,(anonymous_1)
FNDA:2,(anonymous_2)
FNDA:1,(anonymous_3)
FNDA:2,(anonymous_4)
FNDA:2,(anonymous_5)
DA:5,1
DA:6,8
DA:10,1
DA:14,2
DA:15,2
DA:16,2
DA:17,1
DA:19,1
DA:24,1
DA:25,1
DA:30,2
DA:31,2
DA:32,1
DA:34,1
DA:39,2
DA:40,2
DA:41,1
DA:43,1
LF:18
LH:18
BRDA:16,0,0,1
BRDA:31,1,0,1
BRDA:40,2,0,1
BRF:3
BRH:3
end_of_record
TN:
SF:src/services/NewsService.ts
FN:7,(anonymous_0)
FN:12,(anonymous_1)
FN:16,(anonymous_2)
FN:24,(anonymous_3)
FN:37,(anonymous_4)
FN:45,(anonymous_5)
FNF:6
FNH:6
FNDA:9,(anonymous_0)
FNDA:1,(anonymous_1)
FNDA:2,(anonymous_2)
FNDA:2,(anonymous_3)
FNDA:2,(anonymous_4)
FNDA:2,(anonymous_5)
DA:6,1
DA:8,9
DA:9,9
DA:13,1
DA:17,2
DA:18,2
DA:19,1
DA:21,1
DA:26,2
DA:29,2
DA:30,1
DA:33,1
DA:34,1
DA:38,2
DA:39,2
DA:40,1
DA:42,1
DA:46,2
DA:47,2
DA:48,1
DA:50,1
LF:21
LH:21
BRDA:18,0,0,1
BRDA:29,1,0,1
BRDA:39,2,0,1
BRDA:47,3,0,1
BRF:4
BRH:4
end_of_record
TN:
SF:src/services/UserService.ts
FN:10,(anonymous_1)
FN:14,(anonymous_2)
FN:31,(anonymous_3)
FN:46,(anonymous_4)
FN:53,(anonymous_5)
FNF:5
FNH:5
FNDA:1,(anonymous_1)
FNDA:2,(anonymous_2)
FNDA:7,(anonymous_3)
FNDA:2,(anonymous_4)
FNDA:3,(anonymous_5)
DA:4,1
DA:5,1
DA:6,1
DA:8,1
DA:10,1
DA:16,2
DA:17,2
DA:18,1
DA:22,1
DA:25,1
DA:26,1
DA:32,7
DA:34,7
DA:35,3
DA:38,4
DA:39,4
DA:40,1
DA:43,3
DA:47,2
DA:48,1
DA:49,1
DA:54,3
DA:55,3
LF:23
LH:23
BRDA:17,0,0,1
BRDA:34,1,0,3
BRDA:39,2,0,1
BRF:3
BRH:3
end_of_record
